<?xml version="1.0" encoding="UTF-8"?>
<testng-results ignored="0" total="1" passed="1" failed="0" skipped="0">
  <reporter-output>
  </reporter-output>
  <suite started-at="2025-12-16T21:43:54 BDT" name="Default suite" finished-at="2025-12-16T21:44:01 BDT" duration-ms="6870">
    <groups>
    </groups>
    <test started-at="2025-12-16T21:43:54 BDT" name="Default test" finished-at="2025-12-16T21:44:01 BDT" duration-ms="6870">
      <class name="com.api.tests.LoginAPITest">
        <test-method signature="loginTest()[pri:0, instance:com.api.tests.LoginAPITest@6069db50]" started-at="2025-12-16T21:43:54 BDT" name="loginTest" description="Verify if Login API is working...." finished-at="2025-12-16T21:44:01 BDT" duration-ms="6640" status="PASS">
          <reporter-output>
          </reporter-output>
        </test-method> <!-- loginTest -->
      </class> <!-- com.api.tests.LoginAPITest -->
    </test> <!-- Default test -->
  </suite> <!-- Default suite -->
</testng-results>
